# JRE version: OpenJDK Runtime Environment (11.0.8+10) (build 11.0.8+10-post-Ubuntu-0ubuntu118.04.1)
# Java VM: OpenJDK 64-Bit Server VM (11.0.8+10-post-Ubuntu-0ubuntu118.04.1, mixed mode, sharing, tiered, compressed oops, g1 gc, linux-amd64)
Heap:
 garbage-first heap   total 215040K, used 27009K [0x0000000084e00000, 0x0000000100000000)
  region size 1024K, 1 young (1024K), 1 survivors (1024K)
 Metaspace       used 79770K, capacity 86589K, committed 87804K, reserved 1124352K
  class space    used 9076K, capacity 12244K, committed 12544K, reserved 1048576K
GC Heap History (20 events):
Event: 12767.298 GC heap after
{Heap after GC invocations=614 (full 49):
 garbage-first heap   total 89088K, used 27000K [0x0000000084e00000, 0x0000000100000000)
  region size 1024K, 1 young (1024K), 1 survivors (1024K)
 Metaspace       used 79770K, capacity 86589K, committed 87804K, reserved 1124352K
  class space    used 9076K, capacity 12244K, committed 12544K, reserved 1048576K
}
Event: 12772.115 GC heap before
{Heap before GC invocations=614 (full 49):
 garbage-first heap   total 89088K, used 30072K [0x0000000084e00000, 0x0000000100000000)
  region size 1024K, 4 young (4096K), 1 survivors (1024K)
 Metaspace       used 79770K, capacity 86589K, committed 87804K, reserved 1124352K
  class space    used 9076K, capacity 12244K, committed 12544K, reserved 1048576K
}
Event: 12772.894 GC heap after
{Heap after GC invocations=615 (full 49):
 garbage-first heap   total 89088K, used 27031K [0x0000000084e00000, 0x0000000100000000)
  region size 1024K, 1 young (1024K), 1 survivors (1024K)
 Metaspace       used 79770K, capacity 86589K, committed 87804K, reserved 1124352K
  class space    used 9076K, capacity 12244K, committed 12544K, reserved 1048576K
}
Event: 12777.803 GC heap before
{Heap before GC invocations=615 (full 49):
 garbage-first heap   total 89088K, used 30103K [0x0000000084e00000, 0x0000000100000000)
  region size 1024K, 4 young (4096K), 1 survivors (1024K)
 Metaspace       used 79770K, capacity 86589K, committed 87804K, reserved 1124352K
  class space    used 9076K, capacity 12244K, committed 12544K, reserved 1048576K
}
Event: 12778.563 GC heap after
{Heap after GC invocations=616 (full 49):
 garbage-first heap   total 89088K, used 27081K [0x0000000084e00000, 0x0000000100000000)
  region size 1024K, 1 young (1024K), 1 survivors (1024K)
 Metaspace       used 79770K, capacity 86589K, committed 87804K, reserved 1124352K
  class space    used 9076K, capacity 12244K, committed 12544K, reserved 1048576K
}
Event: 12783.819 GC heap before
{Heap before GC invocations=616 (full 49):
 garbage-first heap   total 89088K, used 30153K [0x0000000084e00000, 0x0000000100000000)
  region size 1024K, 4 young (4096K), 1 survivors (1024K)
 Metaspace       used 79770K, capacity 86589K, committed 87804K, reserved 1124352K
  class space    used 9076K, capacity 12244K, committed 12544K, reserved 1048576K
}
Event: 12785.129 GC heap after
{Heap after GC invocations=617 (full 49):
 garbage-first heap   total 89088K, used 27073K [0x0000000084e00000, 0x0000000100000000)
  region size 1024K, 1 young (1024K), 1 survivors (1024K)
 Metaspace       used 79770K, capacity 86589K, committed 87804K, reserved 1124352K
  class space    used 9076K, capacity 12244K, committed 12544K, reserved 1048576K
}
Event: 12790.375 GC heap before
{Heap before GC invocations=617 (full 49):
 garbage-first heap   total 89088K, used 30145K [0x0000000084e00000, 0x0000000100000000)
  region size 1024K, 4 young (4096K), 1 survivors (1024K)
 Metaspace       used 79770K, capacity 86589K, committed 87804K, reserved 1124352K
  class space    used 9076K, capacity 12244K, committed 12544K, reserved 1048576K
}
Event: 12791.738 GC heap after
{Heap after GC invocations=618 (full 49):
 garbage-first heap   total 89088K, used 27085K [0x0000000084e00000, 0x0000000100000000)
  region size 1024K, 1 young (1024K), 1 survivors (1024K)
 Metaspace       used 79770K, capacity 86589K, committed 87804K, reserved 1124352K
  class space    used 9076K, capacity 12244K, committed 12544K, reserved 1048576K
}
Event: 12797.198 GC heap before
{Heap before GC invocations=618 (full 49):
 garbage-first heap   total 89088K, used 30157K [0x0000000084e00000, 0x0000000100000000)
  region size 1024K, 4 young (4096K), 1 survivors (1024K)
 Metaspace       used 79770K, capacity 86589K, committed 87804K, reserved 1124352K
  class space    used 9076K, capacity 12244K, committed 12544K, reserved 1048576K
}
Event: 12798.760 GC heap after
{Heap after GC invocations=619 (full 49):
 garbage-first heap   total 89088K, used 26995K [0x0000000084e00000, 0x0000000100000000)
  region size 1024K, 1 young (1024K), 1 survivors (1024K)
 Metaspace       used 79770K, capacity 86589K, committed 87804K, reserved 1124352K
  class space    used 9076K, capacity 12244K, committed 12544K, reserved 1048576K
}
Event: 12804.033 GC heap before
{Heap before GC invocations=619 (full 49):
 garbage-first heap   total 89088K, used 30067K [0x0000000084e00000, 0x0000000100000000)
  region size 1024K, 4 young (4096K), 1 survivors (1024K)
 Metaspace       used 79770K, capacity 86589K, committed 87804K, reserved 1124352K
  class space    used 9076K, capacity 12244K, committed 12544K, reserved 1048576K
}
Event: 12806.241 GC heap after
{Heap after GC invocations=620 (full 49):
 garbage-first heap   total 107520K, used 27023K [0x0000000084e00000, 0x0000000100000000)
  region size 1024K, 1 young (1024K), 1 survivors (1024K)
 Metaspace       used 79770K, capacity 86589K, committed 87804K, reserved 1124352K
  class space    used 9076K, capacity 12244K, committed 12544K, reserved 1048576K
}
Event: 12813.081 GC heap before
{Heap before GC invocations=620 (full 49):
 garbage-first heap   total 107520K, used 31119K [0x0000000084e00000, 0x0000000100000000)
  region size 1024K, 5 young (5120K), 1 survivors (1024K)
 Metaspace       used 79770K, capacity 86589K, committed 87804K, reserved 1124352K
  class space    used 9076K, capacity 12244K, committed 12544K, reserved 1048576K
}
Event: 12816.813 GC heap after
{Heap after GC invocations=621 (full 49):
 garbage-first heap   total 107520K, used 27069K [0x0000000084e00000, 0x0000000100000000)
  region size 1024K, 1 young (1024K), 1 survivors (1024K)
 Metaspace       used 79770K, capacity 86589K, committed 87804K, reserved 1124352K
  class space    used 9076K, capacity 12244K, committed 12544K, reserved 1048576K
}
Event: 12824.564 GC heap before
{Heap before GC invocations=621 (full 49):
 garbage-first heap   total 107520K, used 31165K [0x0000000084e00000, 0x0000000100000000)
  region size 1024K, 5 young (5120K), 1 survivors (1024K)
 Metaspace       used 79770K, capacity 86589K, committed 87804K, reserved 1124352K
  class space    used 9076K, capacity 12244K, committed 12544K, reserved 1048576K
}
Event: 12826.941 GC heap after
{Heap after GC invocations=622 (full 49):
 garbage-first heap   total 107520K, used 26992K [0x0000000084e00000, 0x0000000100000000)
  region size 1024K, 1 young (1024K), 1 survivors (1024K)
 Metaspace       used 79770K, capacity 86589K, committed 87804K, reserved 1124352K
  class space    used 9076K, capacity 12244K, committed 12544K, reserved 1048576K
}
Event: 12833.605 GC heap before
{Heap before GC invocations=622 (full 49):
 garbage-first heap   total 107520K, used 31088K [0x0000000084e00000, 0x0000000100000000)
  region size 1024K, 5 young (5120K), 1 survivors (1024K)
 Metaspace       used 79770K, capacity 86589K, committed 87804K, reserved 1124352K
  class space    used 9076K, capacity 12244K, committed 12544K, reserved 1048576K
}
Event: 12835.859 GC heap after
{Heap after GC invocations=623 (full 49):
 garbage-first heap   total 107520K, used 27065K [0x0000000084e00000, 0x0000000100000000)
  region size 1024K, 1 young (1024K), 1 survivors (1024K)
 Metaspace       used 79770K, capacity 86589K, committed 87804K, reserved 1124352K
  class space    used 9076K, capacity 12244K, committed 12544K, reserved 1048576K
}
Event: 12843.141 GC heap before
{Heap before GC invocations=623 (full 49):
 garbage-first heap   total 107520K, used 31161K [0x0000000084e00000, 0x0000000100000000)
  region size 1024K, 5 young (5120K), 1 survivors (1024K)
 Metaspace       used 79770K, capacity 86589K, committed 87804K, reserved 1124352K
  class space    used 9076K, capacity 12244K, committed 12544K, reserved 1048576K
}

